# JRE version: 7.0_11-b21
# Java VM: Java HotSpot(TM) 64-Bit Server VM (23.6-b04 mixed mode linux-amd64 compressed oops)
Heap
 PSYoungGen      total 1385216K, used 274039K [0x00000007aacb0000, 0x00000007ffe80000, 0x0000000800000000)
  eden space 1377984K, 19% used [0x00000007aacb0000,0x00000007bb7bdff0,0x00000007fee60000)
  from space 7232K, 7% used [0x00000007ff770000,0x00000007ff800000,0x00000007ffe80000)
  to   space 8256K, 0% used [0x00000007fee60000,0x00000007fee60000,0x00000007ff670000)
 ParOldGen       total 1610624K, used 944800K [0x0000000700600000, 0x0000000762ae0000, 0x00000007aacb0000)
  object space 1610624K, 58% used [0x0000000700600000,0x000000073a0a80c8,0x0000000762ae0000)
 PSPermGen       total 93056K, used 54440K [0x00000006f0600000, 0x00000006f60e0000, 0x0000000700600000)
  object space 93056K, 58% used [0x00000006f0600000,0x00000006f3b2a268,0x00000006f60e0000)
GC Heap History (10 events):
Event: 211.163 GC heap before
{Heap before GC invocations=507 (full 3):
 PSYoungGen      total 1381760K, used 1371220K [0x00000007aacb0000, 0x00000007fff80000, 0x0000000800000000)
  eden space 1369664K, 100% used [0x00000007aacb0000,0x00000007fe640000,0x00000007fe640000)
  from space 12096K, 12% used [0x00000007fe640000,0x00000007fe7c5158,0x00000007ff210000)
  to   space 11200K, 0% used [0x00000007ff490000,0x00000007ff490000,0x00000007fff80000)
 ParOldGen       total 1610624K, used 944360K [0x0000000700600000, 0x0000000762ae0000, 0x00000007aacb0000)
  object space 1610624K, 58% used [0x0000000700600000,0x000000073a03a0c8,0x0000000762ae0000)
 PSPermGen       total 93056K, used 54403K [0x00000006f0600000, 0x00000006f60e0000, 0x0000000700600000)
  object space 93056K, 58% used [0x00000006f0600000,0x00000006f3b20f80,0x00000006f60e0000)
Event: 211.178 GC heap after
Heap after GC invocations=507 (full 3):
 PSYoungGen      total 1382272K, used 880K [0x00000007aacb0000, 0x00000007ffde0000, 0x0000000800000000)
  eden space 1372736K, 0% used [0x00000007aacb0000,0x00000007aacb0000,0x00000007fe940000)
  from space 9536K, 9% used [0x00000007ff490000,0x00000007ff56c010,0x00000007ffde0000)
  to   space 10560K, 0% used [0x00000007fe940000,0x00000007fe940000,0x00000007ff390000)
 ParOldGen       total 1610624K, used 944360K [0x0000000700600000, 0x0000000762ae0000, 0x00000007aacb0000)
  object space 1610624K, 58% used [0x0000000700600000,0x000000073a03a0c8,0x0000000762ae0000)
 PSPermGen       total 93056K, used 54403K [0x00000006f0600000, 0x00000006f60e0000, 0x0000000700600000)
  object space 93056K, 58% used [0x00000006f0600000,0x00000006f3b20f80,0x00000006f60e0000)
}
Event: 211.844 GC heap before
{Heap before GC invocations=508 (full 3):
 PSYoungGen      total 1382272K, used 1373616K [0x00000007aacb0000, 0x00000007ffde0000, 0x0000000800000000)
  eden space 1372736K, 100% used [0x00000007aacb0000,0x00000007fe940000,0x00000007fe940000)
  from space 9536K, 9% used [0x00000007ff490000,0x00000007ff56c010,0x00000007ffde0000)
  to   space 10560K, 0% used [0x00000007fe940000,0x00000007fe940000,0x00000007ff390000)
 ParOldGen       total 1610624K, used 944360K [0x0000000700600000, 0x0000000762ae0000, 0x00000007aacb0000)
  object space 1610624K, 58% used [0x0000000700600000,0x000000073a03a0c8,0x0000000762ae0000)
 PSPermGen       total 93056K, used 54403K [0x00000006f0600000, 0x00000006f60e0000, 0x0000000700600000)
  object space 93056K, 58% used [0x00000006f0600000,0x00000006f3b20f80,0x00000006f60e0000)
Event: 211.859 GC heap after
Heap after GC invocations=508 (full 3):
 PSYoungGen      total 1383296K, used 928K [0x00000007aacb0000, 0x00000007fffc0000, 0x0000000800000000)
  eden space 1372736K, 0% used [0x00000007aacb0000,0x00000007aacb0000,0x00000007fe940000)
  from space 10560K, 8% used [0x00000007fe940000,0x00000007fea28000,0x00000007ff390000)
  to   space 9920K, 0% used [0x00000007ff610000,0x00000007ff610000,0x00000007fffc0000)
 ParOldGen       total 1610624K, used 944360K [0x0000000700600000, 0x0000000762ae0000, 0x00000007aacb0000)
  object space 1610624K, 58% used [0x0000000700600000,0x000000073a03a0c8,0x0000000762ae0000)
 PSPermGen       total 93056K, used 54403K [0x00000006f0600000, 0x00000006f60e0000, 0x0000000700600000)
  object space 93056K, 58% used [0x00000006f0600000,0x00000006f3b20f80,0x00000006f60e0000)
}
Event: 212.510 GC heap before
{Heap before GC invocations=509 (full 3):
 PSYoungGen      total 1383296K, used 1373664K [0x00000007aacb0000, 0x00000007fffc0000, 0x0000000800000000)
  eden space 1372736K, 100% used [0x00000007aacb0000,0x00000007fe940000,0x00000007fe940000)
  from space 10560K, 8% used [0x00000007fe940000,0x00000007fea28000,0x00000007ff390000)
  to   space 9920K, 0% used [0x00000007ff610000,0x00000007ff610000,0x00000007fffc0000)
 ParOldGen       total 1610624K, used 944360K [0x0000000700600000, 0x0000000762ae0000, 0x00000007aacb0000)
  object space 1610624K, 58% used [0x0000000700600000,0x000000073a03a0c8,0x0000000762ae0000)
 PSPermGen       total 93056K, used 54403K [0x00000006f0600000, 0x00000006f60e0000, 0x0000000700600000)
  object space 93056K, 58% used [0x00000006f0600000,0x00000006f3b20f80,0x00000006f60e0000)
Event: 212.528 GC heap after
Heap after GC invocations=509 (full 3):
 PSYoungGen      total 1383808K, used 960K [0x00000007aacb0000, 0x00000007ffe20000, 0x0000000800000000)
  eden space 1375552K, 0% used [0x00000007aacb0000,0x00000007aacb0000,0x00000007fec00000)
  from space 8256K, 11% used [0x00000007ff610000,0x00000007ff700000,0x00000007ffe20000)
  to   space 9280K, 0% used [0x00000007fec00000,0x00000007fec00000,0x00000007ff510000)
 ParOldGen       total 1610624K, used 944360K [0x0000000700600000, 0x0000000762ae0000, 0x00000007aacb0000)
  object space 1610624K, 58% used [0x0000000700600000,0x000000073a03a0c8,0x0000000762ae0000)
 PSPermGen       total 93056K, used 54403K [0x00000006f0600000, 0x00000006f60e0000, 0x0000000700600000)
  object space 93056K, 58% used [0x00000006f0600000,0x00000006f3b20f80,0x00000006f60e0000)
}
Event: 213.188 GC heap before
{Heap before GC invocations=510 (full 3):
 PSYoungGen      total 1383808K, used 1376512K [0x00000007aacb0000, 0x00000007ffe20000, 0x0000000800000000)
  eden space 1375552K, 100% used [0x00000007aacb0000,0x00000007fec00000,0x00000007fec00000)
  from space 8256K, 11% used [0x00000007ff610000,0x00000007ff700000,0x00000007ffe20000)
  to   space 9280K, 0% used [0x00000007fec00000,0x00000007fec00000,0x00000007ff510000)
 ParOldGen       total 1610624K, used 944360K [0x0000000700600000, 0x0000000762ae0000, 0x00000007aacb0000)
  object space 1610624K, 58% used [0x0000000700600000,0x000000073a03a0c8,0x0000000762ae0000)
 PSPermGen       total 93056K, used 54403K [0x00000006f0600000, 0x00000006f60e0000, 0x0000000700600000)
  object space 93056K, 58% used [0x00000006f0600000,0x00000006f3b20f80,0x00000006f60e0000)
Event: 213.204 GC heap after
Heap after GC invocations=510 (full 3):
 PSYoungGen      total 1384832K, used 560K [0x00000007aacb0000, 0x0000000800000000, 0x0000000800000000)
  eden space 1375552K, 0% used [0x00000007aacb0000,0x00000007aacb0000,0x00000007fec00000)
  from space 9280K, 6% used [0x00000007fec00000,0x00000007fec8c010,0x00000007ff510000)
  to   space 8768K, 0% used [0x00000007ff770000,0x00000007ff770000,0x0000000800000000)
 ParOldGen       total 1610624K, used 944776K [0x0000000700600000, 0x0000000762ae0000, 0x00000007aacb0000)
  object space 1610624K, 58% used [0x0000000700600000,0x000000073a0a20c8,0x0000000762ae0000)
 PSPermGen       total 93056K, used 54403K [0x00000006f0600000, 0x00000006f60e0000, 0x0000000700600000)
  object space 93056K, 58% used [0x00000006f0600000,0x00000006f3b20f80,0x00000006f60e0000)
}
Event: 213.862 GC heap before
{Heap before GC invocations=511 (full 3):
 PSYoungGen      total 1384832K, used 1376112K [0x00000007aacb0000, 0x0000000800000000, 0x0000000800000000)
  eden space 1375552K, 100% used [0x00000007aacb0000,0x00000007fec00000,0x00000007fec00000)
  from space 9280K, 6% used [0x00000007fec00000,0x00000007fec8c010,0x00000007ff510000)
  to   space 8768K, 0% used [0x00000007ff770000,0x00000007ff770000,0x0000000800000000)
 ParOldGen       total 1610624K, used 944776K [0x0000000700600000, 0x0000000762ae0000, 0x00000007aacb0000)
  object space 1610624K, 58% used [0x0000000700600000,0x000000073a0a20c8,0x0000000762ae0000)
 PSPermGen       total 93056K, used 54404K [0x00000006f0600000, 0x00000006f60e0000, 0x0000000700600000)
  object space 93056K, 58% used [0x00000006f0600000,0x00000006f3b21060,0x00000006f60e0000)
Event: 213.871 GC heap after
Heap after GC invocations=511 (full 3):
 PSYoungGen      total 1385216K, used 576K [0x00000007aacb0000, 0x00000007ffe80000, 0x0000000800000000)
  eden space 1377984K, 0% used [0x00000007aacb0000,0x00000007aacb0000,0x00000007fee60000)
  from space 7232K, 7% used [0x00000007ff770000,0x00000007ff800000,0x00000007ffe80000)
  to   space 8256K, 0% used [0x00000007fee60000,0x00000007fee60000,0x00000007ff670000)
 ParOldGen       total 1610624K, used 944800K [0x0000000700600000, 0x0000000762ae0000, 0x00000007aacb0000)
  object space 1610624K, 58% used [0x0000000700600000,0x000000073a0a80c8,0x0000000762ae0000)
 PSPermGen       total 93056K, used 54404K [0x00000006f0600000, 0x00000006f60e0000, 0x0000000700600000)
  object space 93056K, 58% used [0x00000006f0600000,0x00000006f3b21060,0x00000006f60e0000)
}

